<?xml version="1.0" encoding="UTF-8"?>
<!-- Generated by org.testng.reporters.JUnitReportReporter -->
<testsuite skipped="0" hostname="Chethana-PC" name="bookmyshow.com.RestAssuredTest" tests="2" failures="0" timestamp="16 Oct 2018 12:00:22 GMT" time="0.000" errors="0">
  <testcase name="RestAssuredSecondTest" time="0.000" classname="bookmyshow.com.RestAssuredTest"/>
  <testcase name="RestAssuredTest" time="0.000" classname="bookmyshow.com.RestAssuredTest"/>
</testsuite> <!-- bookmyshow.com.RestAssuredTest -->
