<?xml version="1.0" encoding="UTF-8"?>
<!-- Generated by org.testng.reporters.JUnitReportReporter -->
<testsuite skipped="0" hostname="Chethana-PC" name="bookmyshow.com.ApiTest" tests="2" failures="0" timestamp="16 Oct 2018 12:00:22 GMT" time="0.005" errors="0">
  <testcase name="ApiSecondTest" time="0.001" classname="bookmyshow.com.ApiTest"/>
  <testcase name="ApiFirstTest" time="0.004" classname="bookmyshow.com.ApiTest"/>
</testsuite> <!-- bookmyshow.com.ApiTest -->
